<?xml version="1.0" encoding="UTF-8"?>
<!-- Generated by org.testng.reporters.JUnitReportReporter -->
<testsuite skipped="0" hostname="LAPTOP-G4JP8PQ8" name="com.HRM.setup.HRMLogin" tests="1" failures="0" timestamp="2020-12-30T19:45:56 IST" time="9.950" errors="0">
  <testcase name="verifyLogin" time="9.950" classname="com.HRM.setup.HRMLogin"/>
  <system-out/>
</testsuite> <!-- com.HRM.setup.HRMLogin -->
