<?xml version="1.0" encoding="UTF-8"?>
<!-- Generated by org.testng.reporters.JUnitReportReporter -->
<testsuite skipped="0" hostname="LAPTOP-G4JP8PQ8" name="com.HRM.login.HRMLoginTest" tests="1" failures="0" timestamp="2020-12-30T15:23:49 IST" time="31.638" errors="0">
  <testcase name="loginTest" time="31.638" classname="com.HRM.login.HRMLoginTest"/>
  <system-out/>
</testsuite> <!-- com.HRM.login.HRMLoginTest -->
